0 info it worked if it ends with ok
1 verbose cli [ 'C:\\Program Files\\nodejs\\node.exe',
1 verbose cli   'C:\\Program Files\\nodejs\\node_modules\\npm\\bin\\npm-cli.js',
1 verbose cli   'run',
1 verbose cli   'build' ]
2 info using npm@3.10.8
3 info using node@v6.9.0
4 verbose run-script [ 'prebuild', 'build', 'postbuild' ]
5 info lifecycle sarine.viewer.extended.image@0.6.3~prebuild: sarine.viewer.extended.image@0.6.3
6 silly lifecycle sarine.viewer.extended.image@0.6.3~prebuild: no script for prebuild, continuing
7 info lifecycle sarine.viewer.extended.image@0.6.3~build: sarine.viewer.extended.image@0.6.3
8 verbose lifecycle sarine.viewer.extended.image@0.6.3~build: unsafe-perm in lifecycle true
9 verbose lifecycle sarine.viewer.extended.image@0.6.3~build: PATH: C:\Users\Eran.Niv\AppData\Roaming\nvm\v6.9.0\node_modules\npm\bin\node-gyp-bin;D:\git\sarine.viewer.development.environment.git\sources\atomViewers\sarine.viewer.extended.image\node_modules\.bin;C:\Program Files (x86)\Common Files\Oracle\Java\javapath;c:\Program Files (x86)\Nodist\bin;C:\Users\Eran.Niv\AppData\Local\Cypress\Cache\3.1.0\Cypress;C:\Program Files (x86)\SmartGit\git\bin;C:\Ruby24-x64\bin;C:\Users\Eran.Niv\AppData\Roaming\nvm;C:\Program Files\Docker Toolbox;C:\Program Files\Java\jdk1.8.0_131\bin;C:\Users\Eran.Niv\AppData\Local\Android\sdk\platform-tools;C:\Users\Eran.Niv\AppData\Local\Android\sdk\tools;C:\Users\Eran.Niv\AppData\Local\Programs\Fiddler;C:\Users\Eran.Niv\AppData\Roaming\npm;C:\Users\Eran.Niv\AppData\Roaming\nvm;C:\Program Files\nodejs;C:\Users\Eran.Niv\AppData\Roaming\npm;c:\Program Files (x86)\Nodist\bin;C:\Program Files (x86)\SmartGit\git\bin
10 verbose lifecycle sarine.viewer.extended.image@0.6.3~build: CWD: D:\git\sarine.viewer.development.environment.git\sources\atomViewers\sarine.viewer.extended.image
11 silly lifecycle sarine.viewer.extended.image@0.6.3~build: Args: [ '/d /s /c', 'grunt build' ]
12 silly lifecycle sarine.viewer.extended.image@0.6.3~build: Returned: code: 6  signal: null
13 info lifecycle sarine.viewer.extended.image@0.6.3~build: Failed to exec build script
14 verbose stack Error: sarine.viewer.extended.image@0.6.3 build: `grunt build`
14 verbose stack Exit status 6
14 verbose stack     at EventEmitter.<anonymous> (C:\Users\Eran.Niv\AppData\Roaming\nvm\v6.9.0\node_modules\npm\lib\utils\lifecycle.js:255:16)
14 verbose stack     at emitTwo (events.js:106:13)
14 verbose stack     at EventEmitter.emit (events.js:191:7)
14 verbose stack     at ChildProcess.<anonymous> (C:\Users\Eran.Niv\AppData\Roaming\nvm\v6.9.0\node_modules\npm\lib\utils\spawn.js:40:14)
14 verbose stack     at emitTwo (events.js:106:13)
14 verbose stack     at ChildProcess.emit (events.js:191:7)
14 verbose stack     at maybeClose (internal/child_process.js:877:16)
14 verbose stack     at Process.ChildProcess._handle.onexit (internal/child_process.js:226:5)
15 verbose pkgid sarine.viewer.extended.image@0.6.3
16 verbose cwd D:\git\sarine.viewer.development.environment.git\sources\atomViewers\sarine.viewer.extended.image
17 error Windows_NT 6.1.7601
18 error argv "C:\\Program Files\\nodejs\\node.exe" "C:\\Program Files\\nodejs\\node_modules\\npm\\bin\\npm-cli.js" "run" "build"
19 error node v6.9.0
20 error npm  v3.10.8
21 error code ELIFECYCLE
22 error sarine.viewer.extended.image@0.6.3 build: `grunt build`
22 error Exit status 6
23 error Failed at the sarine.viewer.extended.image@0.6.3 build script 'grunt build'.
23 error Make sure you have the latest version of node.js and npm installed.
23 error If you do, this is most likely a problem with the sarine.viewer.extended.image package,
23 error not with npm itself.
23 error Tell the author that this fails on your system:
23 error     grunt build
23 error You can get information on how to open an issue for this project with:
23 error     npm bugs sarine.viewer.extended.image
23 error Or if that isn't available, you can get their info via:
23 error     npm owner ls sarine.viewer.extended.image
23 error There is likely additional logging output above.
24 verbose exit [ 1, true ]
